<?xml version="1.0" encoding="UTF-8" ?>
<testsuite errors="1" failures="0" hostname="MacBook-Pro-10.local" name="csudh.csc311.finalProject.WikiSearchTest" skipped="0" tests="1" time="0.0" timestamp="2023-12-07T09:39:31">
  <properties>
    <property name="java.vendor" value="Homebrew" />
    <property name="sun.java.launcher" value="SUN_STANDARD" />
    <property name="env.XPC_SERVICE_NAME" value="0" />
    <property name="env.MallocNanoZone" value="0" />
    <property name="sun.management.compiler" value="HotSpot 64-Bit Tiered Compilers" />
    <property name="os.name" value="Mac OS X" />
    <property name="env.TMPDIR" value="/var/folders/kj/j6j8tf413cq9v3t_hpdfg37m0000gn/T/" />
    <property name="env.PWD" value="/Users/yasamean/Desktop/ /Bachelors/Archived Semesters/F23/CSC311-04/FINISHED ASSIGNMENTS/311finalProject" />
    <property name="env.LANG" value="en_US.UTF-8" />
    <property name="java.vm.specification.vendor" value="Oracle Corporation" />
    <property name="ant.home" value="/opt/homebrew/Cellar/ant/1.10.14/libexec" />
    <property name="java.runtime.version" value="20.0.1" />
    <property name="user.name" value="yasamean" />
    <property name="env.USER" value="yasamean" />
    <property name="env.SHELL" value="/bin/zsh" />
    <property name="env.__CF_USER_TEXT_ENCODING" value="0x1F5:0x0:0x0" />
    <property name="env.ORIGINAL_XDG_CURRENT_DESKTOP" value="undefined" />
    <property name="stdout.encoding" value="UTF-8" />
    <property name="env.PATH" value="/opt/homebrew/bin:/opt/homebrew/sbin:/usr/local/bin:/System/Cryptexes/App/usr/bin:/usr/bin:/bin:/usr/sbin:/sbin:/var/run/com.apple.security.cryptexd/codex.system/bootstrap/usr/local/bin:/var/run/com.apple.security.cryptexd/codex.system/bootstrap/usr/bin:/var/run/com.apple.security.cryptexd/codex.system/bootstrap/usr/appleinternal/bin:/Library/Apple/usr/bin:/Applications/VMware Fusion.app/Contents/Public:/opt/homebrew/bin:/opt/homebrew/sbin" />
    <property name="env.HOMEBREW_CELLAR" value="/opt/homebrew/Cellar" />
    <property name="user.language" value="en" />
    <property name="sun.boot.library.path" value="/opt/homebrew/Cellar/openjdk/20.0.1/libexec/openjdk.jdk/Contents/Home/lib" />
    <property name="env.VSCODE_GIT_ASKPASS_MAIN" value="/private/var/folders/kj/j6j8tf413cq9v3t_hpdfg37m0000gn/T/AppTranslocation/303BA9F4-B841-42F9-AEAC-55A1090A153B/d/Visual Studio Code.app/Contents/Resources/app/extensions/git/dist/askpass-main.js" />
    <property name="ant.project.default-target" value="build" />
    <property name="env.XPC_FLAGS" value="0x0" />
    <property name="ant.project.name" value="JavaCS" />
    <property name="java.vm.compressedOopsMode" value="Zero based" />
    <property name="java.version" value="20.0.1" />
    <property name="sun.arch.data.model" value="64" />
    <property name="http.nonProxyHosts" value="local|*.local|169.254/16|*.169.254/16" />
    <property name="sun.jnu.encoding" value="UTF-8" />
    <property name="env.SHLVL" value="1" />
    <property name="file.separator" value="/" />
    <property name="java.specification.name" value="Java Platform API Specification" />
    <property name="java.class.version" value="64.0" />
    <property name="env.VSCODE_GIT_ASKPASS_EXTRA_ARGS" value="--ms-enable-electron-run-as-node" />
    <property name="user.country" value="US" />
    <property name="ant.file.JavaCS" value="/Users/yasamean/Desktop/ /Bachelors/Archived Semesters/F23/CSC311-04/FINISHED ASSIGNMENTS/311finalProject/build.xml" />
    <property name="java.home" value="/opt/homebrew/Cellar/openjdk/20.0.1/libexec/openjdk.jdk/Contents/Home" />
    <property name="java.vm.info" value="mixed mode, sharing" />
    <property name="os.version" value="14.1.1" />
    <property name="ant.file" value="/Users/yasamean/Desktop/ /Bachelors/Archived Semesters/F23/CSC311-04/FINISHED ASSIGNMENTS/311finalProject/build.xml" />
    <property name="env.LOGNAME" value="yasamean" />
    <property name="env.TERM_PROGRAM_VERSION" value="1.81.1" />
    <property name="path.separator" value=":" />
    <property name="java.vm.version" value="20.0.1" />
    <property name="env.VSCODE_GIT_IPC_HANDLE" value="/var/folders/kj/j6j8tf413cq9v3t_hpdfg37m0000gn/T/vscode-git-c212a190a7.sock" />
    <property name="ant.library.dir" value="/opt/homebrew/Cellar/ant/1.10.14/libexec/lib" />
    <property name="stderr.encoding" value="UTF-8" />
    <property name="env.__CFBundleIdentifier" value="com.microsoft.VSCode" />
    <property name="junit.output.dir" value="junit" />
    <property name="env.HOMEBREW_PREFIX" value="/opt/homebrew" />
    <property name="env.JAVA_HOME" value="/opt/homebrew/opt/openjdk" />
    <property name="env.TERM" value="xterm-256color" />
    <property name="sun.io.unicode.encoding" value="UnicodeBig" />
    <property name="socksNonProxyHosts" value="local|*.local|169.254/16|*.169.254/16" />
    <property name="ftp.nonProxyHosts" value="local|*.local|169.254/16|*.169.254/16" />
    <property name="env.MANPATH" value="/opt/homebrew/share/man:/usr/share/man:/usr/local/share/man:/opt/homebrew/share/man::" />
    <property name="target" value="1.8" />
    <property name="user.home" value="/Users/yasamean" />
    <property name="java.version.date" value="2023-04-18" />
    <property name="java.specification.vendor" value="Oracle Corporation" />
    <property name="env.TERM_PROGRAM" value="vscode" />
    <property name="java.library.path" value="/Users/yasamean/Library/Java/Extensions:/Library/Java/Extensions:/Network/Library/Java/Extensions:/System/Library/Java/Extensions:/usr/lib/java:." />
    <property name="env.HOMEBREW_REPOSITORY" value="/opt/homebrew" />
    <property name="java.vendor.url" value="https://github.com/Homebrew/homebrew-core/issues" />
    <property name="java.vm.vendor" value="Homebrew" />
    <property name="java.runtime.name" value="OpenJDK Runtime Environment" />
    <property name="sun.java.command" value="org.apache.tools.ant.taskdefs.optional.junit.JUnitTestRunner csudh.csc311.finalProject.WikiSearchTest skipNonTests=false filtertrace=true haltOnError=false haltOnFailure=false formatter=org.apache.tools.ant.taskdefs.optional.junit.OutErrSummaryJUnitResultFormatter showoutput=false outputtoformatters=true logfailedtests=true threadid=0 logtestlistenerevents=false formatter=org.apache.tools.ant.taskdefs.optional.junit.XMLJUnitResultFormatter,/Users/yasamean/Desktop/ /Bachelors/Archived Semesters/F23/CSC311-04/FINISHED ASSIGNMENTS/311finalProject/junit/TEST-csudh.csc311.finalProject.WikiSearchTest.xml crashfile=/Users/yasamean/Desktop/ /Bachelors/Archived Semesters/F23/CSC311-04/FINISHED ASSIGNMENTS/311finalProject/junitvmwatcher13017496522531349470.properties propsfile=/Users/yasamean/Desktop/ /Bachelors/Archived Semesters/F23/CSC311-04/FINISHED ASSIGNMENTS/311finalProject/junit6087533432155231411.properties" />
    <property name="java.class.path" value="/Users/yasamean/Desktop/ /Bachelors/Archived Semesters/F23/CSC311-04/FINISHED ASSIGNMENTS/311finalProject/bin:/Users/yasamean/Desktop/ /Bachelors/Archived Semesters/F23/CSC311-04/FINISHED ASSIGNMENTS/311finalProject/lib/jedis-2.8.0.jar:/Users/yasamean/Desktop/ /Bachelors/Archived Semesters/F23/CSC311-04/FINISHED ASSIGNMENTS/311finalProject/lib/jsoup-1.8.3.jar:/Users/yasamean/Desktop/ /Bachelors/Archived Semesters/F23/CSC311-04/FINISHED ASSIGNMENTS/311finalProject/lib/junit-4.12.jar:/Users/yasamean/Desktop/ /Bachelors/Archived Semesters/F23/CSC311-04/FINISHED ASSIGNMENTS/311finalProject/lib/hamcrest-core-1.3.jar:/Users/yasamean/Desktop/ /Bachelors/Archived Semesters/F23/CSC311-04/FINISHED ASSIGNMENTS/311finalProject/lib/jcommon-1.0.23.jar:/Users/yasamean/Desktop/ /Bachelors/Archived Semesters/F23/CSC311-04/FINISHED ASSIGNMENTS/311finalProject/lib/jfreechart-1.0.19.jar:/Users/yasamean/Desktop/ /Bachelors/Archived Semesters/F23/CSC311-04/FINISHED ASSIGNMENTS/311finalProject/lib/servlet.jar:/Users/yasamean/Desktop/ /Bachelors/Archived Semesters/F23/CSC311-04/FINISHED ASSIGNMENTS/311finalProject/lib/ant-junit.jar:/Users/yasamean/Desktop/ /Bachelors/Archived Semesters/F23/CSC311-04/FINISHED ASSIGNMENTS/311finalProject/lib/commons-math3-3.6.jar:/Users/yasamean/Desktop/ /Bachelors/Archived Semesters/F23/CSC311-04/FINISHED ASSIGNMENTS/311finalProject/lib/hamcrest-library-1.3.jar:/opt/homebrew/Cellar/ant/1.10.14/libexec/lib/ant-launcher.jar:/opt/homebrew/Cellar/ant/1.10.14/libexec/lib/ant.jar:/opt/homebrew/Cellar/ant/1.10.14/libexec/lib/ant-junit.jar:/opt/homebrew/Cellar/ant/1.10.14/libexec/lib/ant-junit4.jar" />
    <property name="ant.version" value="Apache Ant(TM) version 1.10.14 compiled on August 16 2023" />
    <property name="native.encoding" value="UTF-8" />
    <property name="jdk.debug" value="release" />
    <property name="env.GIT_ASKPASS" value="/private/var/folders/kj/j6j8tf413cq9v3t_hpdfg37m0000gn/T/AppTranslocation/303BA9F4-B841-42F9-AEAC-55A1090A153B/d/Visual Studio Code.app/Contents/Resources/app/extensions/git/dist/askpass.sh" />
    <property name="ant.file.type.JavaCS" value="file" />
    <property name="env.VSCODE_GIT_ASKPASS_NODE" value="/private/var/folders/kj/j6j8tf413cq9v3t_hpdfg37m0000gn/T/AppTranslocation/303BA9F4-B841-42F9-AEAC-55A1090A153B/d/Visual Studio Code.app/Contents/Frameworks/Code Helper (Plugin).app/Contents/MacOS/Code Helper (Plugin)" />
    <property name="java.vm.specification.name" value="Java Virtual Machine Specification" />
    <property name="ant.file.type" value="file" />
    <property name="java.vm.specification.version" value="20" />
    <property name="sun.cpu.endian" value="little" />
    <property name="debuglevel" value="source,lines,vars" />
    <property name="env.HOME" value="/Users/yasamean" />
    <property name="java.io.tmpdir" value="/var/folders/kj/j6j8tf413cq9v3t_hpdfg37m0000gn/T/" />
    <property name="java.vendor.url.bug" value="https://github.com/Homebrew/homebrew-core/issues" />
    <property name="env.SSH_AUTH_SOCK" value="/private/tmp/com.apple.launchd.jGINo6py0R/Listeners" />
    <property name="env.COMMAND_MODE" value="unix2003" />
    <property name="os.arch" value="aarch64" />
    <property name="user.dir" value="/Users/yasamean/Desktop/ /Bachelors/Archived Semesters/F23/CSC311-04/FINISHED ASSIGNMENTS/311finalProject" />
    <property name="apple.awt.application.name" value="JUnitTestRunner" />
    <property name="env.INFOPATH" value="/opt/homebrew/share/info:/opt/homebrew/share/info:" />
    <property name="line.separator" value="&#xa;" />
    <property name="java.vm.name" value="OpenJDK 64-Bit Server VM" />
    <property name="env.COLORTERM" value="truecolor" />
    <property name="basedir" value="/Users/yasamean/Desktop/ /Bachelors/Archived Semesters/F23/CSC311-04/FINISHED ASSIGNMENTS/311finalProject" />
    <property name="ant.java.version" value="20" />
    <property name="ant.core.lib" value="/opt/homebrew/Cellar/ant/1.10.14/libexec/lib/ant.jar" />
    <property name="source" value="1.8" />
    <property name="file.encoding" value="UTF-8" />
    <property name="java.specification.version" value="20" />
    <property name="ant.project.invoked-targets" value="WikiSearchTest" />
    <property name="java.vendor.version" value="Homebrew" />
  </properties>
  <error message="csudh.csc311.finalProject.WikiSearchTest" type="java.lang.ClassNotFoundException">java.lang.ClassNotFoundException: csudh.csc311.finalProject.WikiSearchTest
	at java.base/jdk.internal.loader.BuiltinClassLoader.loadClass(BuiltinClassLoader.java:641)
	at java.base/jdk.internal.loader.ClassLoaders$AppClassLoader.loadClass(ClassLoaders.java:188)
	at java.base/java.lang.ClassLoader.loadClass(ClassLoader.java:521)
	at java.base/java.lang.Class.forName0(Native Method)
	at java.base/java.lang.Class.forName(Class.java:391)
	at java.base/java.lang.Class.forName(Class.java:382)
</error>
  <system-out><![CDATA[]]></system-out>
  <system-err><![CDATA[]]></system-err>
</testsuite>
